<?xml version='1.0' encoding='UTF-8'?>
<testsuite hostname="DESKTOP-9TP9BAH" name="SetSuite" tests="4" errors="0" failures="0" skipped="0" time="0.117" timestamp="2020-09-21T18:36:36">
                     <properties>
[...]
</properties>
                     <testcase classname="SetSuite" name="The server should answer with OK status code" time="0.113">
                                                 
                                               </testcase><testcase classname="SetSuite" name="First user should be successfully retrieved" time="0.001">
                                                 
                                               </testcase><testcase classname="SetSuite" name="User should be added" time="0.001">
                                                 
                                               </testcase><testcase classname="SetSuite" name="User should be deleted" time="0.002">
                                                 
                                               </testcase>
                     <system-out><![CDATA[]]></system-out>
                     <system-err><![CDATA[]]></system-err>
                   </testsuite>